Release 14.7 - xst P.20131013 (nt64)
Copyright (c) 1995-2013 Xilinx, Inc.  All rights reserved.
--> Parameter TMPDIR set to xst/projnav.tmp


Total REAL time to Xst completion: 1.00 secs
Total CPU time to Xst completion: 0.06 secs
 
--> Parameter xsthdpdir set to xst


Total REAL time to Xst completion: 1.00 secs
Total CPU time to Xst completion: 0.06 secs
 
--> Reading design: ALU.prj

TABLE OF CONTENTS
  1) Synthesis Options Summary
  2) HDL Parsing
  3) HDL Elaboration
  4) HDL Synthesis
       4.1) HDL Synthesis Report
  5) Advanced HDL Synthesis
       5.1) Advanced HDL Synthesis Report
  6) Low Level Synthesis
  7) Partition Report
  8) Design Summary
       8.1) Primitive and Black Box Usage
       8.2) Device utilization summary
       8.3) Partition Resource Summary
       8.4) Timing Report
            8.4.1) Clock Information
            8.4.2) Asynchronous Control Signals Information
            8.4.3) Timing Summary
            8.4.4) Timing Details
            8.4.5) Cross Clock Domains Report


=========================================================================
*                      Synthesis Options Summary                        *
=========================================================================
---- Source Parameters
Input File Name                    : "ALU.prj"
Ignore Synthesis Constraint File   : NO

---- Target Parameters
Output File Name                   : "ALU"
Output Format                      : NGC
Target Device                      : xc7a100t-3-csg324

---- Source Options
Top Module Name                    : ALU
Automatic FSM Extraction           : YES
FSM Encoding Algorithm             : Auto
Safe Implementation                : No
FSM Style                          : LUT
RAM Extraction                     : Yes
RAM Style                          : Auto
ROM Extraction                     : Yes
Shift Register Extraction          : YES
ROM Style                          : Auto
Resource Sharing                   : YES
Asynchronous To Synchronous        : NO
Shift Register Minimum Size        : 2
Use DSP Block                      : Auto
Automatic Register Balancing       : No

---- Target Options
LUT Combining                      : Auto
Reduce Control Sets                : Auto
Add IO Buffers                     : YES
Global Maximum Fanout              : 100000
Add Generic Clock Buffer(BUFG)     : 32
Register Duplication               : YES
Optimize Instantiated Primitives   : NO
Use Clock Enable                   : Auto
Use Synchronous Set                : Auto
Use Synchronous Reset              : Auto
Pack IO Registers into IOBs        : Auto
Equivalent register Removal        : YES

---- General Options
Optimization Goal                  : Speed
Optimization Effort                : 1
Power Reduction                    : NO
Keep Hierarchy                     : No
Netlist Hierarchy                  : As_Optimized
RTL Output                         : Yes
Global Optimization                : AllClockNets
Read Cores                         : YES
Write Timing Constraints           : NO
Cross Clock Analysis               : NO
Hierarchy Separator                : /
Bus Delimiter                      : <>
Case Specifier                     : Maintain
Slice Utilization Ratio            : 100
BRAM Utilization Ratio             : 100
DSP48 Utilization Ratio            : 100
Auto BRAM Packing                  : NO
Slice Utilization Ratio Delta      : 5

=========================================================================


=========================================================================
*                          HDL Parsing                                  *
=========================================================================
Parsing VHDL file "C:\MINICPU\ALU\ALU.vhd" into library work
Parsing entity <ALU>.
Parsing architecture <Behavioral> of entity <alu>.

=========================================================================
*                            HDL Elaboration                            *
=========================================================================

Elaborating entity <ALU> (architecture <Behavioral>) from library <work>.

=========================================================================
*                           HDL Synthesis                               *
=========================================================================

Synthesizing Unit <ALU>.
    Related source file is "C:\MINICPU\ALU\ALU.vhd".
    Found 32-bit adder for signal <A[31]_B[31]_add_1_OUT> created at line 48.
    Found 32-bit subtractor for signal <GND_5_o_GND_5_o_sub_4_OUT<31:0>> created at line 50.
    Found 32-bit 7-to-1 multiplexer for signal <_n0205> created at line 62.
    Found 1-bit 5-to-1 multiplexer for signal <RE[31]_A[31]_MUX_69_o> created at line 47.
    Found 1-bit 5-to-1 multiplexer for signal <RE[31]_A[31]_MUX_74_o> created at line 47.
    Found 1-bit 5-to-1 multiplexer for signal <RE[31]_A[31]_MUX_79_o> created at line 47.
    Found 1-bit 5-to-1 multiplexer for signal <RE[31]_A[31]_MUX_84_o> created at line 47.
    Found 1-bit 5-to-1 multiplexer for signal <RE[31]_A[31]_MUX_89_o> created at line 47.
    Found 1-bit 5-to-1 multiplexer for signal <RE[31]_A[31]_MUX_94_o> created at line 47.
    Found 1-bit 5-to-1 multiplexer for signal <RE[31]_A[31]_MUX_99_o> created at line 47.
    Found 1-bit 5-to-1 multiplexer for signal <RE[31]_A[31]_MUX_104_o> created at line 47.
    Found 1-bit 5-to-1 multiplexer for signal <RE[31]_A[31]_MUX_109_o> created at line 47.
    Found 1-bit 5-to-1 multiplexer for signal <RE[31]_A[31]_MUX_114_o> created at line 47.
    Found 1-bit 5-to-1 multiplexer for signal <RE[31]_A[31]_MUX_119_o> created at line 47.
    Found 1-bit 5-to-1 multiplexer for signal <RE[31]_A[31]_MUX_124_o> created at line 47.
    Found 1-bit 5-to-1 multiplexer for signal <RE[31]_A[31]_MUX_129_o> created at line 47.
    Found 1-bit 5-to-1 multiplexer for signal <RE[31]_A[31]_MUX_134_o> created at line 47.
    Found 1-bit 5-to-1 multiplexer for signal <RE[31]_A[31]_MUX_139_o> created at line 47.
    Found 1-bit 5-to-1 multiplexer for signal <RE[31]_A[31]_MUX_144_o> created at line 47.
    Found 1-bit 5-to-1 multiplexer for signal <RE[31]_A[31]_MUX_149_o> created at line 47.
    Found 1-bit 5-to-1 multiplexer for signal <RE[31]_A[31]_MUX_154_o> created at line 47.
    Found 1-bit 5-to-1 multiplexer for signal <RE[31]_A[31]_MUX_159_o> created at line 47.
    Found 1-bit 5-to-1 multiplexer for signal <RE[31]_A[31]_MUX_164_o> created at line 47.
    Found 1-bit 5-to-1 multiplexer for signal <RE[31]_A[31]_MUX_169_o> created at line 47.
    Found 1-bit 5-to-1 multiplexer for signal <RE[31]_A[31]_MUX_174_o> created at line 47.
    Found 1-bit 5-to-1 multiplexer for signal <RE[31]_A[31]_MUX_179_o> created at line 47.
    Found 1-bit 5-to-1 multiplexer for signal <RE[31]_A[31]_MUX_184_o> created at line 47.
    Found 1-bit 5-to-1 multiplexer for signal <RE[31]_A[31]_MUX_189_o> created at line 47.
    Found 1-bit 5-to-1 multiplexer for signal <RE[31]_A[31]_MUX_194_o> created at line 47.
    Found 1-bit 5-to-1 multiplexer for signal <RE[31]_A[31]_MUX_199_o> created at line 47.
    Found 1-bit 5-to-1 multiplexer for signal <RE[31]_A[31]_MUX_204_o> created at line 47.
    Found 1-bit 5-to-1 multiplexer for signal <RE[31]_A[31]_MUX_209_o> created at line 47.
    Found 1-bit 5-to-1 multiplexer for signal <RE[31]_A[31]_MUX_214_o> created at line 47.
    Found 1-bit 5-to-1 multiplexer for signal <RE[31]_A[31]_MUX_219_o> created at line 47.
    Found 1-bit 5-to-1 multiplexer for signal <RE[31]_A[31]_MUX_224_o> created at line 47.
WARNING:Xst:737 - Found 1-bit latch for signal <RE<30>>. Latches may be generated from incomplete case or if statements. We do not recommend the use of latches in FPGA/CPLD designs, as they may lead to timing problems.
WARNING:Xst:737 - Found 1-bit latch for signal <RE<29>>. Latches may be generated from incomplete case or if statements. We do not recommend the use of latches in FPGA/CPLD designs, as they may lead to timing problems.
WARNING:Xst:737 - Found 1-bit latch for signal <RE<28>>. Latches may be generated from incomplete case or if statements. We do not recommend the use of latches in FPGA/CPLD designs, as they may lead to timing problems.
WARNING:Xst:737 - Found 1-bit latch for signal <RE<27>>. Latches may be generated from incomplete case or if statements. We do not recommend the use of latches in FPGA/CPLD designs, as they may lead to timing problems.
WARNING:Xst:737 - Found 1-bit latch for signal <RE<26>>. Latches may be generated from incomplete case or if statements. We do not recommend the use of latches in FPGA/CPLD designs, as they may lead to timing problems.
WARNING:Xst:737 - Found 1-bit latch for signal <RE<25>>. Latches may be generated from incomplete case or if statements. We do not recommend the use of latches in FPGA/CPLD designs, as they may lead to timing problems.
WARNING:Xst:737 - Found 1-bit latch for signal <RE<24>>. Latches may be generated from incomplete case or if statements. We do not recommend the use of latches in FPGA/CPLD designs, as they may lead to timing problems.
WARNING:Xst:737 - Found 1-bit latch for signal <RE<23>>. Latches may be generated from incomplete case or if statements. We do not recommend the use of latches in FPGA/CPLD designs, as they may lead to timing problems.
WARNING:Xst:737 - Found 1-bit latch for signal <RE<22>>. Latches may be generated from incomplete case or if statements. We do not recommend the use of latches in FPGA/CPLD designs, as they may lead to timing problems.
WARNING:Xst:737 - Found 1-bit latch for signal <RE<21>>. Latches may be generated from incomplete case or if statements. We do not recommend the use of latches in FPGA/CPLD designs, as they may lead to timing problems.
WARNING:Xst:737 - Found 1-bit latch for signal <RE<20>>. Latches may be generated from incomplete case or if statements. We do not recommend the use of latches in FPGA/CPLD designs, as they may lead to timing problems.
WARNING:Xst:737 - Found 1-bit latch for signal <RE<19>>. Latches may be generated from incomplete case or if statements. We do not recommend the use of latches in FPGA/CPLD designs, as they may lead to timing problems.
WARNING:Xst:737 - Found 1-bit latch for signal <RE<18>>. Latches may be generated from incomplete case or if statements. We do not recommend the use of latches in FPGA/CPLD designs, as they may lead to timing problems.
WARNING:Xst:737 - Found 1-bit latch for signal <RE<17>>. Latches may be generated from incomplete case or if statements. We do not recommend the use of latches in FPGA/CPLD designs, as they may lead to timing problems.
WARNING:Xst:737 - Found 1-bit latch for signal <RE<16>>. Latches may be generated from incomplete case or if statements. We do not recommend the use of latches in FPGA/CPLD designs, as they may lead to timing problems.
WARNING:Xst:737 - Found 1-bit latch for signal <RE<15>>. Latches may be generated from incomplete case or if statements. We do not recommend the use of latches in FPGA/CPLD designs, as they may lead to timing problems.
WARNING:Xst:737 - Found 1-bit latch for signal <RE<14>>. Latches may be generated from incomplete case or if statements. We do not recommend the use of latches in FPGA/CPLD designs, as they may lead to timing problems.
WARNING:Xst:737 - Found 1-bit latch for signal <RE<13>>. Latches may be generated from incomplete case or if statements. We do not recommend the use of latches in FPGA/CPLD designs, as they may lead to timing problems.
WARNING:Xst:737 - Found 1-bit latch for signal <RE<12>>. Latches may be generated from incomplete case or if statements. We do not recommend the use of latches in FPGA/CPLD designs, as they may lead to timing problems.
WARNING:Xst:737 - Found 1-bit latch for signal <RE<11>>. Latches may be generated from incomplete case or if statements. We do not recommend the use of latches in FPGA/CPLD designs, as they may lead to timing problems.
WARNING:Xst:737 - Found 1-bit latch for signal <RE<10>>. Latches may be generated from incomplete case or if statements. We do not recommend the use of latches in FPGA/CPLD designs, as they may lead to timing problems.
WARNING:Xst:737 - Found 1-bit latch for signal <RE<9>>. Latches may be generated from incomplete case or if statements. We do not recommend the use of latches in FPGA/CPLD designs, as they may lead to timing problems.
WARNING:Xst:737 - Found 1-bit latch for signal <RE<8>>. Latches may be generated from incomplete case or if statements. We do not recommend the use of latches in FPGA/CPLD designs, as they may lead to timing problems.
WARNING:Xst:737 - Found 1-bit latch for signal <RE<7>>. Latches may be generated from incomplete case or if statements. We do not recommend the use of latches in FPGA/CPLD designs, as they may lead to timing problems.
WARNING:Xst:737 - Found 1-bit latch for signal <RE<6>>. Latches may be generated from incomplete case or if statements. We do not recommend the use of latches in FPGA/CPLD designs, as they may lead to timing problems.
WARNING:Xst:737 - Found 1-bit latch for signal <RE<5>>. Latches may be generated from incomplete case or if statements. We do not recommend the use of latches in FPGA/CPLD designs, as they may lead to timing problems.
WARNING:Xst:737 - Found 1-bit latch for signal <RE<4>>. Latches may be generated from incomplete case or if statements. We do not recommend the use of latches in FPGA/CPLD designs, as they may lead to timing problems.
WARNING:Xst:737 - Found 1-bit latch for signal <RE<3>>. Latches may be generated from incomplete case or if statements. We do not recommend the use of latches in FPGA/CPLD designs, as they may lead to timing problems.
WARNING:Xst:737 - Found 1-bit latch for signal <RE<2>>. Latches may be generated from incomplete case or if statements. We do not recommend the use of latches in FPGA/CPLD designs, as they may lead to timing problems.
WARNING:Xst:737 - Found 1-bit latch for signal <RE<1>>. Latches may be generated from incomplete case or if statements. We do not recommend the use of latches in FPGA/CPLD designs, as they may lead to timing problems.
WARNING:Xst:737 - Found 1-bit latch for signal <RE<0>>. Latches may be generated from incomplete case or if statements. We do not recommend the use of latches in FPGA/CPLD designs, as they may lead to timing problems.
WARNING:Xst:737 - Found 1-bit latch for signal <RE<31>>. Latches may be generated from incomplete case or if statements. We do not recommend the use of latches in FPGA/CPLD designs, as they may lead to timing problems.
    Found 32-bit comparator greater for signal <A[31]_B[31]_LessThan_6_o> created at line 52
    Summary:
	inferred   2 Adder/Subtractor(s).
	inferred  32 Latch(s).
	inferred   1 Comparator(s).
	inferred  34 Multiplexer(s).
Unit <ALU> synthesized.

=========================================================================
HDL Synthesis Report

Macro Statistics
# Adders/Subtractors                                   : 2
 32-bit adder                                          : 1
 32-bit subtractor                                     : 1
# Latches                                              : 32
 1-bit latch                                           : 32
# Comparators                                          : 1
 32-bit comparator greater                             : 1
# Multiplexers                                         : 34
 1-bit 5-to-1 multiplexer                              : 32
 32-bit 2-to-1 multiplexer                             : 1
 32-bit 7-to-1 multiplexer                             : 1

=========================================================================

=========================================================================
*                       Advanced HDL Synthesis                          *
=========================================================================


=========================================================================
Advanced HDL Synthesis Report

Macro Statistics
# Adders/Subtractors                                   : 2
 32-bit adder                                          : 1
 32-bit subtractor                                     : 1
# Comparators                                          : 1
 32-bit comparator greater                             : 1
# Multiplexers                                         : 65
 1-bit 5-to-1 multiplexer                              : 32
 1-bit 7-to-1 multiplexer                              : 32
 32-bit 2-to-1 multiplexer                             : 1

=========================================================================

=========================================================================
*                         Low Level Synthesis                           *
=========================================================================

Optimizing unit <ALU> ...

Mapping all equations...
Building and optimizing final netlist ...
Found area constraint ratio of 100 (+ 5) on block ALU, actual ratio is 0.

Final Macro Processing ...

=========================================================================
Final Register Report

Found no macro
=========================================================================

=========================================================================
*                           Partition Report                            *
=========================================================================

Partition Implementation Status
-------------------------------

  No Partitions were found in this design.

-------------------------------

=========================================================================
*                            Design Summary                             *
=========================================================================

Top Level Output File Name         : ALU.ngc

Primitive and Black Box Usage:
------------------------------
# BELS                             : 374
#      GND                         : 1
#      LUT2                        : 64
#      LUT3                        : 33
#      LUT4                        : 30
#      LUT5                        : 35
#      LUT6                        : 69
#      MUXCY                       : 77
#      VCC                         : 1
#      XORCY                       : 64
# FlipFlops/Latches                : 32
#      LD                          : 32
# Clock Buffers                    : 1
#      BUFG                        : 1
# IO Buffers                       : 100
#      IBUF                        : 67
#      OBUF                        : 33

Device utilization summary:
---------------------------

Selected Device : 7a100tcsg324-3 


Slice Logic Utilization: 
 Number of Slice Registers:              32  out of  126800     0%  
 Number of Slice LUTs:                  231  out of  63400     0%  
    Number used as Logic:               231  out of  63400     0%  

Slice Logic Distribution: 
 Number of LUT Flip Flop pairs used:    231
   Number with an unused Flip Flop:     199  out of    231    86%  
   Number with an unused LUT:             0  out of    231     0%  
   Number of fully used LUT-FF pairs:    32  out of    231    13%  
   Number of unique control sets:         1

IO Utilization: 
 Number of IOs:                         100
 Number of bonded IOBs:                 100  out of    210    47%  

Specific Feature Utilization:
 Number of BUFG/BUFGCTRLs:                1  out of     32     3%  

---------------------------
Partition Resource Summary:
---------------------------

  No Partitions were found in this design.

---------------------------


=========================================================================
Timing Report

NOTE: THESE TIMING NUMBERS ARE ONLY A SYNTHESIS ESTIMATE.
      FOR ACCURATE TIMING INFORMATION PLEASE REFER TO THE TRACE REPORT
      GENERATED AFTER PLACE-and-ROUTE.

Clock Information:
------------------
-------------------------------------------------------+------------------------+-------+
Clock Signal                                           | Clock buffer(FF name)  | Load  |
-------------------------------------------------------+------------------------+-------+
ALUOP[2]_ALUOP[2]_OR_74_o(ALUOP[2]_ALUOP[2]_OR_74_o1:O)| BUFG(*)(RE_31)         | 32    |
-------------------------------------------------------+------------------------+-------+
(*) This 1 clock signal(s) are generated by combinatorial logic,
and XST is not able to identify which are the primary clock signals.
Please use the CLOCK_SIGNAL constraint to specify the clock signal(s) generated by combinatorial logic.

Asynchronous Control Signals Information:
----------------------------------------
No asynchronous control signals found in this design

Timing Summary:
---------------
Speed Grade: -3

   Minimum period: No path found
   Minimum input arrival time before clock: 2.763ns
   Maximum output required time after clock: 3.725ns
   Maximum combinational path delay: 4.918ns

Timing Details:
---------------
All values displayed in nanoseconds (ns)

=========================================================================
Timing constraint: Default OFFSET IN BEFORE for Clock 'ALUOP[2]_ALUOP[2]_OR_74_o'
  Total number of paths / destination ports: 3420 / 32
-------------------------------------------------------------------------
Offset:              2.763ns (Levels of Logic = 20)
  Source:            B<0> (PAD)
  Destination:       RE_0 (LATCH)
  Destination Clock: ALUOP[2]_ALUOP[2]_OR_74_o falling

  Data Path: B<0> to RE_0
                                Gate     Net
    Cell:in->out      fanout   Delay   Delay  Logical Name (Net Name)
    ----------------------------------------  ------------
     IBUF:I->O             6   0.001   0.579  B_0_IBUF (B_0_IBUF)
     LUT4:I0->O            1   0.097   0.000  Mcompar_A[31]_B[31]_LessThan_6_o_lut<0> (Mcompar_A[31]_B[31]_LessThan_6_o_lut<0>)
     MUXCY:S->O            1   0.353   0.000  Mcompar_A[31]_B[31]_LessThan_6_o_cy<0> (Mcompar_A[31]_B[31]_LessThan_6_o_cy<0>)
     MUXCY:CI->O           1   0.023   0.000  Mcompar_A[31]_B[31]_LessThan_6_o_cy<1> (Mcompar_A[31]_B[31]_LessThan_6_o_cy<1>)
     MUXCY:CI->O           1   0.023   0.000  Mcompar_A[31]_B[31]_LessThan_6_o_cy<2> (Mcompar_A[31]_B[31]_LessThan_6_o_cy<2>)
     MUXCY:CI->O           1   0.023   0.000  Mcompar_A[31]_B[31]_LessThan_6_o_cy<3> (Mcompar_A[31]_B[31]_LessThan_6_o_cy<3>)
     MUXCY:CI->O           1   0.023   0.000  Mcompar_A[31]_B[31]_LessThan_6_o_cy<4> (Mcompar_A[31]_B[31]_LessThan_6_o_cy<4>)
     MUXCY:CI->O           1   0.023   0.000  Mcompar_A[31]_B[31]_LessThan_6_o_cy<5> (Mcompar_A[31]_B[31]_LessThan_6_o_cy<5>)
     MUXCY:CI->O           1   0.023   0.000  Mcompar_A[31]_B[31]_LessThan_6_o_cy<6> (Mcompar_A[31]_B[31]_LessThan_6_o_cy<6>)
     MUXCY:CI->O           1   0.023   0.000  Mcompar_A[31]_B[31]_LessThan_6_o_cy<7> (Mcompar_A[31]_B[31]_LessThan_6_o_cy<7>)
     MUXCY:CI->O           1   0.023   0.000  Mcompar_A[31]_B[31]_LessThan_6_o_cy<8> (Mcompar_A[31]_B[31]_LessThan_6_o_cy<8>)
     MUXCY:CI->O           1   0.023   0.000  Mcompar_A[31]_B[31]_LessThan_6_o_cy<9> (Mcompar_A[31]_B[31]_LessThan_6_o_cy<9>)
     MUXCY:CI->O           1   0.023   0.000  Mcompar_A[31]_B[31]_LessThan_6_o_cy<10> (Mcompar_A[31]_B[31]_LessThan_6_o_cy<10>)
     MUXCY:CI->O           1   0.023   0.000  Mcompar_A[31]_B[31]_LessThan_6_o_cy<11> (Mcompar_A[31]_B[31]_LessThan_6_o_cy<11>)
     MUXCY:CI->O           1   0.023   0.000  Mcompar_A[31]_B[31]_LessThan_6_o_cy<12> (Mcompar_A[31]_B[31]_LessThan_6_o_cy<12>)
     MUXCY:CI->O           1   0.023   0.000  Mcompar_A[31]_B[31]_LessThan_6_o_cy<13> (Mcompar_A[31]_B[31]_LessThan_6_o_cy<13>)
     MUXCY:CI->O           1   0.253   0.295  Mcompar_A[31]_B[31]_LessThan_6_o_cy<14> (Mcompar_A[31]_B[31]_LessThan_6_o_cy<14>)
     LUT5:I4->O            2   0.097   0.299  Mcompar_A[31]_B[31]_LessThan_6_o_cy<15> (Mcompar_A[31]_B[31]_LessThan_6_o_cy<15>)
     LUT5:I4->O            1   0.097   0.295  Mmux_RE[31]_A[31]_MUX_224_o11 (Mmux_RE[31]_A[31]_MUX_224_o1)
     LUT5:I4->O            1   0.097   0.000  Mmux_RE[31]_A[31]_MUX_224_o12 (RE[31]_A[31]_MUX_224_o)
     LD:D                     -0.028          RE_0
    ----------------------------------------
    Total                      2.763ns (1.294ns logic, 1.470ns route)
                                       (46.8% logic, 53.2% route)

=========================================================================
Timing constraint: Default OFFSET OUT AFTER for Clock 'ALUOP[2]_ALUOP[2]_OR_74_o'
  Total number of paths / destination ports: 64 / 33
-------------------------------------------------------------------------
Offset:              3.725ns (Levels of Logic = 5)
  Source:            RE_1 (LATCH)
  Destination:       zero (PAD)
  Source Clock:      ALUOP[2]_ALUOP[2]_OR_74_o falling

  Data Path: RE_1 to zero
                                Gate     Net
    Cell:in->out      fanout   Delay   Delay  Logical Name (Net Name)
    ----------------------------------------  ------------
     LD:G->Q               1   0.472   0.683  RE_1 (RE_1)
     LUT5:I0->O            2   0.097   0.697  mux552 (R_1_OBUF)
     LUT6:I0->O            1   0.097   0.511  _n0288<0>1 (_n0288<0>)
     LUT5:I2->O            1   0.097   0.693  _n0288<0>2 (_n0288<0>1)
     LUT6:I0->O            1   0.097   0.279  _n0288<0>7 (zero_OBUF)
     OBUF:I->O                 0.000          zero_OBUF (zero)
    ----------------------------------------
    Total                      3.725ns (0.860ns logic, 2.865ns route)
                                       (23.1% logic, 76.9% route)

=========================================================================
Timing constraint: Default path analysis
  Total number of paths / destination ports: 6904 / 33
-------------------------------------------------------------------------
Delay:               4.918ns (Levels of Logic = 23)
  Source:            B<0> (PAD)
  Destination:       zero (PAD)

  Data Path: B<0> to zero
                                Gate     Net
    Cell:in->out      fanout   Delay   Delay  Logical Name (Net Name)
    ----------------------------------------  ------------
     IBUF:I->O             6   0.001   0.579  B_0_IBUF (B_0_IBUF)
     LUT4:I0->O            1   0.097   0.000  Mcompar_A[31]_B[31]_LessThan_6_o_lut<0> (Mcompar_A[31]_B[31]_LessThan_6_o_lut<0>)
     MUXCY:S->O            1   0.353   0.000  Mcompar_A[31]_B[31]_LessThan_6_o_cy<0> (Mcompar_A[31]_B[31]_LessThan_6_o_cy<0>)
     MUXCY:CI->O           1   0.023   0.000  Mcompar_A[31]_B[31]_LessThan_6_o_cy<1> (Mcompar_A[31]_B[31]_LessThan_6_o_cy<1>)
     MUXCY:CI->O           1   0.023   0.000  Mcompar_A[31]_B[31]_LessThan_6_o_cy<2> (Mcompar_A[31]_B[31]_LessThan_6_o_cy<2>)
     MUXCY:CI->O           1   0.023   0.000  Mcompar_A[31]_B[31]_LessThan_6_o_cy<3> (Mcompar_A[31]_B[31]_LessThan_6_o_cy<3>)
     MUXCY:CI->O           1   0.023   0.000  Mcompar_A[31]_B[31]_LessThan_6_o_cy<4> (Mcompar_A[31]_B[31]_LessThan_6_o_cy<4>)
     MUXCY:CI->O           1   0.023   0.000  Mcompar_A[31]_B[31]_LessThan_6_o_cy<5> (Mcompar_A[31]_B[31]_LessThan_6_o_cy<5>)
     MUXCY:CI->O           1   0.023   0.000  Mcompar_A[31]_B[31]_LessThan_6_o_cy<6> (Mcompar_A[31]_B[31]_LessThan_6_o_cy<6>)
     MUXCY:CI->O           1   0.023   0.000  Mcompar_A[31]_B[31]_LessThan_6_o_cy<7> (Mcompar_A[31]_B[31]_LessThan_6_o_cy<7>)
     MUXCY:CI->O           1   0.023   0.000  Mcompar_A[31]_B[31]_LessThan_6_o_cy<8> (Mcompar_A[31]_B[31]_LessThan_6_o_cy<8>)
     MUXCY:CI->O           1   0.023   0.000  Mcompar_A[31]_B[31]_LessThan_6_o_cy<9> (Mcompar_A[31]_B[31]_LessThan_6_o_cy<9>)
     MUXCY:CI->O           1   0.023   0.000  Mcompar_A[31]_B[31]_LessThan_6_o_cy<10> (Mcompar_A[31]_B[31]_LessThan_6_o_cy<10>)
     MUXCY:CI->O           1   0.023   0.000  Mcompar_A[31]_B[31]_LessThan_6_o_cy<11> (Mcompar_A[31]_B[31]_LessThan_6_o_cy<11>)
     MUXCY:CI->O           1   0.023   0.000  Mcompar_A[31]_B[31]_LessThan_6_o_cy<12> (Mcompar_A[31]_B[31]_LessThan_6_o_cy<12>)
     MUXCY:CI->O           1   0.023   0.000  Mcompar_A[31]_B[31]_LessThan_6_o_cy<13> (Mcompar_A[31]_B[31]_LessThan_6_o_cy<13>)
     MUXCY:CI->O           1   0.253   0.295  Mcompar_A[31]_B[31]_LessThan_6_o_cy<14> (Mcompar_A[31]_B[31]_LessThan_6_o_cy<14>)
     LUT5:I4->O            2   0.097   0.383  Mcompar_A[31]_B[31]_LessThan_6_o_cy<15> (Mcompar_A[31]_B[31]_LessThan_6_o_cy<15>)
     LUT6:I4->O            2   0.097   0.688  mux562 (R_0_OBUF)
     LUT6:I1->O            1   0.097   0.511  _n0288<0>1 (_n0288<0>)
     LUT5:I2->O            1   0.097   0.693  _n0288<0>2 (_n0288<0>1)
     LUT6:I0->O            1   0.097   0.279  _n0288<0>7 (zero_OBUF)
     OBUF:I->O                 0.000          zero_OBUF (zero)
    ----------------------------------------
    Total                      4.918ns (1.488ns logic, 3.430ns route)
                                       (30.3% logic, 69.7% route)

=========================================================================

Cross Clock Domains Report:
--------------------------

=========================================================================


Total REAL time to Xst completion: 7.00 secs
Total CPU time to Xst completion: 6.33 secs
 
--> 

Total memory usage is 4702200 kilobytes

Number of errors   :    0 (   0 filtered)
Number of warnings :   32 (   0 filtered)
Number of infos    :    0 (   0 filtered)

