ISim log file
Running: C:\MINICPU\jumpshift\jumpshift_isim_beh.exe -intstyle ise -gui -tclbatch isim.cmd -wdb C:/MINICPU/jumpshift/jumpshift_isim_beh.wdb 
ISim P.20131013 (signature 0x7708f090)
This is a Full version of ISim.
Time resolution is 1 ps
# onerror resume
# wave add /
# run 1000 ns
Simulator is doing circuit initialization process.
Finished circuit initialization process.
# restart
# put ins 01010101010101010101010101
# run 10ns
Simulator is doing circuit initialization process.
Finished circuit initialization process.
# restart
# put ins 11111000001111100000111110000010
# run 10ns
Simulator is doing circuit initialization process.
Finished circuit initialization process.
